Traceback (most recent call last):
  File "/uufs/astro.utah.edu/common/home/u6060319/quasar-CMBlening/kappa_stacking_BallTree.py", line 6, in <module>
    from astropy.cosmology import Planck18 as cosmos
  File "/uufs/astro.utah.edu/common/home/u6060319/software/pkg/miniconda3/lib/python3.12/site-packages/astropy/cosmology/__init__.py", line 10, in <module>
    from . import realizations, units
  File "/uufs/astro.utah.edu/common/home/u6060319/software/pkg/miniconda3/lib/python3.12/site-packages/astropy/cosmology/realizations.py", line 30, in <module>
    from . import _io  # Ensure IO methods are registered, to read realizations # noqa: F401
    ^^^^^^^^^^^^^^^^^
  File "/uufs/astro.utah.edu/common/home/u6060319/software/pkg/miniconda3/lib/python3.12/site-packages/astropy/cosmology/_io/__init__.py", line 8, in <module>
    from . import cosmology, ecsv, html, latex, mapping, model, row, table, yaml
  File "/uufs/astro.utah.edu/common/home/u6060319/software/pkg/miniconda3/lib/python3.12/site-packages/astropy/cosmology/_io/ecsv.py", line 168, in <module>
    from .table import from_table, to_table
  File "/uufs/astro.utah.edu/common/home/u6060319/software/pkg/miniconda3/lib/python3.12/site-packages/astropy/cosmology/_io/table.py", line 165, in <module>
    from .utils import convert_parameter_to_column
  File "/uufs/astro.utah.edu/common/home/u6060319/software/pkg/miniconda3/lib/python3.12/site-packages/astropy/cosmology/_io/utils.py", line 5, in <module>
    from astropy.modeling import Parameter as ModelParameter
  File "/uufs/astro.utah.edu/common/home/u6060319/software/pkg/miniconda3/lib/python3.12/site-packages/astropy/modeling/__init__.py", line 10, in <module>
    from . import fitting, models
  File "/uufs/astro.utah.edu/common/home/u6060319/software/pkg/miniconda3/lib/python3.12/site-packages/astropy/modeling/models/__init__.py", line 17, in <module>
    from astropy.modeling.tabular import *
  File "/uufs/astro.utah.edu/common/home/u6060319/software/pkg/miniconda3/lib/python3.12/site-packages/astropy/modeling/tabular.py", line 28, in <module>
    from scipy.interpolate import interpn
  File "/uufs/astro.utah.edu/common/home/u6060319/software/pkg/miniconda3/lib/python3.12/site-packages/scipy/interpolate/__init__.py", line 167, in <module>
    from ._interpolate import *
  File "/uufs/astro.utah.edu/common/home/u6060319/software/pkg/miniconda3/lib/python3.12/site-packages/scipy/interpolate/_interpolate.py", line 8, in <module>
    import scipy.special as spec
  File "/uufs/astro.utah.edu/common/home/u6060319/software/pkg/miniconda3/lib/python3.12/site-packages/scipy/special/__init__.py", line 820, in <module>
    from . import _orthogonal
  File "/uufs/astro.utah.edu/common/home/u6060319/software/pkg/miniconda3/lib/python3.12/site-packages/scipy/special/_orthogonal.py", line 81, in <module>
    from scipy import linalg
  File "<frozen importlib._bootstrap>", line 1412, in _handle_fromlist
  File "/uufs/astro.utah.edu/common/home/u6060319/software/pkg/miniconda3/lib/python3.12/site-packages/scipy/__init__.py", line 134, in __getattr__
    return _importlib.import_module(f'scipy.{name}')
           ^^^^^^^^^^^^^^^^^^^^^^^^^^^^^^^^^^^^^^^^^
  File "/uufs/astro.utah.edu/common/home/u6060319/software/pkg/miniconda3/lib/python3.12/importlib/__init__.py", line 90, in import_module
    return _bootstrap._gcd_import(name[level:], package, level)
           ^^^^^^^^^^^^^^^^^^^^^^^^^^^^^^^^^^^^^^^^^^^^^^^^^^^^
  File "/uufs/astro.utah.edu/common/home/u6060319/software/pkg/miniconda3/lib/python3.12/site-packages/scipy/linalg/__init__.py", line 222, in <module>
    from ._sketches import *
  File "/uufs/astro.utah.edu/common/home/u6060319/software/pkg/miniconda3/lib/python3.12/site-packages/scipy/linalg/_sketches.py", line 9, in <module>
    from scipy.sparse import csc_matrix
  File "/uufs/astro.utah.edu/common/home/u6060319/software/pkg/miniconda3/lib/python3.12/site-packages/scipy/sparse/__init__.py", line 307, in <module>
    from . import csgraph
  File "/uufs/astro.utah.edu/common/home/u6060319/software/pkg/miniconda3/lib/python3.12/site-packages/scipy/sparse/csgraph/__init__.py", line 187, in <module>
    from ._laplacian import laplacian
  File "/uufs/astro.utah.edu/common/home/u6060319/software/pkg/miniconda3/lib/python3.12/site-packages/scipy/sparse/csgraph/_laplacian.py", line 7, in <module>
    from scipy.sparse.linalg import LinearOperator
  File "/uufs/astro.utah.edu/common/home/u6060319/software/pkg/miniconda3/lib/python3.12/site-packages/scipy/sparse/linalg/__init__.py", line 133, in <module>
    from ._matfuncs import *
  File "/uufs/astro.utah.edu/common/home/u6060319/software/pkg/miniconda3/lib/python3.12/site-packages/scipy/sparse/linalg/_matfuncs.py", line 25, in <module>
    from ._expm_multiply import _ident_like, _exact_1_norm as _onenorm
  File "<frozen importlib._bootstrap>", line 1360, in _find_and_load
  File "<frozen importlib._bootstrap>", line 1331, in _find_and_load_unlocked
  File "<frozen importlib._bootstrap>", line 935, in _load_unlocked
  File "<frozen importlib._bootstrap_external>", line 991, in exec_module
  File "<frozen importlib._bootstrap_external>", line 1087, in get_code
  File "<frozen importlib._bootstrap_external>", line 1186, in get_data
KeyboardInterrupt
