
  0%|          | 0/161 [00:00<?, ?it/s]
  1%|          | 1/161 [00:02<06:44,  2.53s/it]
  1%|          | 2/161 [00:03<04:56,  1.87s/it]
  2%|▏         | 3/161 [00:11<12:21,  4.69s/it]
  2%|▏         | 4/161 [00:25<20:57,  8.01s/it]
  3%|▎         | 5/161 [00:29<16:59,  6.54s/it]
  4%|▎         | 6/161 [00:48<28:02, 10.86s/it]
  4%|▍         | 7/161 [01:11<38:33, 15.02s/it]
  5%|▍         | 8/161 [01:38<48:07, 18.87s/it]
  6%|▌         | 9/161 [02:09<56:53, 22.46s/it]
  6%|▌         | 10/161 [02:42<1:04:38, 25.69s/it]
  7%|▋         | 11/161 [03:19<1:13:01, 29.21s/it]
  7%|▋         | 12/161 [03:58<1:20:22, 32.37s/it]
  8%|▊         | 13/161 [04:40<1:26:17, 34.98s/it]
  9%|▊         | 14/161 [05:22<1:31:31, 37.35s/it]
  9%|▉         | 15/161 [06:04<1:33:43, 38.52s/it]
 10%|▉         | 16/161 [07:04<1:49:00, 45.11s/it]
 11%|█         | 17/161 [07:44<1:44:18, 43.46s/it]
 11%|█         | 18/161 [08:24<1:41:03, 42.40s/it]
 12%|█▏        | 19/161 [09:25<1:53:39, 48.03s/it]
 12%|█▏        | 20/161 [10:06<1:47:57, 45.94s/it]
 13%|█▎        | 21/161 [11:11<2:00:53, 51.81s/it]
 14%|█▎        | 22/161 [12:17<2:09:37, 55.95s/it]
 14%|█▍        | 23/161 [13:01<2:00:13, 52.27s/it]
 15%|█▍        | 24/161 [14:03<2:06:04, 55.22s/it]
 16%|█▌        | 25/161 [15:03<2:08:45, 56.80s/it]
 16%|█▌        | 26/161 [16:02<2:09:23, 57.51s/it]
 17%|█▋        | 27/161 [17:00<2:08:41, 57.62s/it]
 17%|█▋        | 28/161 [17:57<2:07:19, 57.44s/it]
 18%|█▊        | 29/161 [19:04<2:12:44, 60.33s/it]
 19%|█▊        | 30/161 [19:59<2:08:15, 58.75s/it]
 19%|█▉        | 31/161 [21:00<2:08:46, 59.43s/it]
 20%|█▉        | 32/161 [21:47<1:59:35, 55.63s/it]
 20%|██        | 33/161 [22:42<1:58:05, 55.36s/it]
 21%|██        | 34/161 [23:37<1:57:03, 55.30s/it]
 22%|██▏       | 35/161 [24:30<1:54:57, 54.74s/it]
 22%|██▏       | 36/161 [25:22<1:52:02, 53.78s/it]
 23%|██▎       | 37/161 [26:23<1:55:27, 55.87s/it]
 24%|██▎       | 38/161 [27:45<2:10:46, 63.79s/it]
 24%|██▍       | 39/161 [29:03<2:18:06, 67.92s/it]
 25%|██▍       | 40/161 [30:14<2:18:48, 68.83s/it]
 25%|██▌       | 41/161 [31:29<2:21:30, 70.75s/it]
 26%|██▌       | 42/161 [32:46<2:23:55, 72.57s/it]
 27%|██▋       | 43/161 [33:58<2:22:48, 72.61s/it]
 27%|██▋       | 44/161 [35:09<2:20:13, 71.91s/it]
 28%|██▊       | 45/161 [36:19<2:18:20, 71.56s/it]
 29%|██▊       | 46/161 [37:33<2:18:28, 72.25s/it]
 29%|██▉       | 47/161 [38:50<2:20:05, 73.73s/it]
 30%|██▉       | 48/161 [39:59<2:15:53, 72.16s/it]
 30%|███       | 49/161 [41:12<2:15:03, 72.36s/it]
 31%|███       | 50/161 [42:23<2:13:11, 72.00s/it]
 32%|███▏      | 51/161 [43:35<2:12:18, 72.17s/it]
 32%|███▏      | 52/161 [44:47<2:10:41, 71.94s/it]
 33%|███▎      | 53/161 [45:57<2:08:45, 71.53s/it]
 34%|███▎      | 54/161 [47:07<2:06:26, 70.90s/it]
 34%|███▍      | 55/161 [48:14<2:03:09, 69.71s/it]
 35%|███▍      | 56/161 [49:20<2:00:05, 68.62s/it]
 35%|███▌      | 57/161 [50:23<1:55:58, 66.91s/it]
 36%|███▌      | 58/161 [51:19<1:49:21, 63.71s/it]
 37%|███▋      | 59/161 [52:13<1:43:09, 60.68s/it]
 37%|███▋      | 60/161 [53:03<1:36:52, 57.55s/it]
 38%|███▊      | 61/161 [53:57<1:34:24, 56.65s/it]
 39%|███▊      | 62/161 [54:51<1:32:11, 55.87s/it]
 39%|███▉      | 63/161 [55:46<1:30:28, 55.39s/it]
 40%|███▉      | 64/161 [56:40<1:28:52, 54.97s/it]
 40%|████      | 65/161 [57:33<1:27:21, 54.60s/it]
 41%|████      | 66/161 [58:26<1:25:40, 54.11s/it]
 42%|████▏     | 67/161 [59:14<1:21:39, 52.13s/it]
 42%|████▏     | 68/161 [1:00:03<1:19:29, 51.29s/it]
 43%|████▎     | 69/161 [1:00:57<1:19:58, 52.16s/it]
 43%|████▎     | 70/161 [1:01:51<1:19:59, 52.74s/it]
 44%|████▍     | 71/161 [1:02:44<1:18:59, 52.67s/it]
 45%|████▍     | 72/161 [1:03:35<1:17:36, 52.32s/it]
 45%|████▌     | 73/161 [1:04:29<1:17:27, 52.82s/it]
 46%|████▌     | 74/161 [1:05:23<1:16:59, 53.10s/it]
 47%|████▋     | 75/161 [1:06:17<1:16:17, 53.23s/it]
 47%|████▋     | 76/161 [1:07:11<1:16:00, 53.66s/it]
 48%|████▊     | 77/161 [1:08:06<1:15:21, 53.83s/it]
 48%|████▊     | 78/161 [1:09:00<1:14:45, 54.04s/it]
 49%|████▉     | 79/161 [1:09:56<1:14:34, 54.57s/it]
 50%|████▉     | 80/161 [1:10:52<1:14:06, 54.90s/it]
 50%|█████     | 81/161 [1:11:47<1:13:15, 54.94s/it]
 51%|█████     | 82/161 [1:12:43<1:12:48, 55.30s/it]
 52%|█████▏    | 83/161 [1:13:40<1:12:28, 55.76s/it]
 52%|█████▏    | 84/161 [1:14:29<1:08:56, 53.72s/it]
 53%|█████▎    | 85/161 [1:15:15<1:05:12, 51.48s/it]
 53%|█████▎    | 86/161 [1:16:01<1:02:21, 49.88s/it]
 54%|█████▍    | 87/161 [1:16:48<1:00:26, 49.01s/it]
 55%|█████▍    | 88/161 [1:17:36<59:09, 48.62s/it]  
 55%|█████▌    | 89/161 [1:18:23<57:57, 48.29s/it]
 56%|█████▌    | 90/161 [1:19:11<56:47, 48.00s/it]
 57%|█████▋    | 91/161 [1:19:57<55:32, 47.60s/it]
 57%|█████▋    | 92/161 [1:20:44<54:37, 47.49s/it]
 58%|█████▊    | 93/161 [1:21:31<53:21, 47.08s/it]
 58%|█████▊    | 94/161 [1:22:27<55:49, 49.99s/it]
 59%|█████▉    | 95/161 [1:23:25<57:30, 52.28s/it]
 60%|█████▉    | 96/161 [1:25:37<1:22:36, 76.26s/it]
 60%|██████    | 97/161 [1:27:51<1:39:43, 93.49s/it]
 61%|██████    | 98/161 [1:29:53<1:47:03, 101.95s/it]
 61%|██████▏   | 99/161 [1:31:50<1:50:01, 106.47s/it]
 62%|██████▏   | 100/161 [1:33:37<1:48:38, 106.86s/it]
 63%|██████▎   | 101/161 [1:35:24<1:46:40, 106.67s/it]
 63%|██████▎   | 102/161 [1:37:08<1:44:22, 106.14s/it]
 64%|██████▍   | 103/161 [1:38:49<1:41:04, 104.56s/it]
 65%|██████▍   | 104/161 [1:40:20<1:35:20, 100.35s/it]
 65%|██████▌   | 105/161 [1:41:41<1:28:13, 94.52s/it] 
 66%|██████▌   | 106/161 [1:43:03<1:23:19, 90.91s/it]
 66%|██████▋   | 107/161 [1:44:14<1:16:19, 84.80s/it]
 67%|██████▋   | 108/161 [1:45:21<1:10:20, 79.63s/it]
 68%|██████▊   | 109/161 [1:46:21<1:03:49, 73.65s/it]
 68%|██████▊   | 110/161 [1:47:28<1:00:46, 71.49s/it]
 69%|██████▉   | 111/161 [1:48:42<1:00:24, 72.49s/it]
 70%|██████▉   | 112/161 [1:49:45<56:49, 69.58s/it]  
 70%|███████   | 113/161 [1:50:59<56:40, 70.84s/it]
 71%|███████   | 114/161 [1:52:11<55:45, 71.19s/it]
 71%|███████▏  | 115/161 [1:53:20<54:07, 70.61s/it]
 72%|███████▏  | 116/161 [1:54:18<50:00, 66.68s/it]
 73%|███████▎  | 117/161 [1:55:12<46:13, 63.04s/it]
 73%|███████▎  | 118/161 [1:56:06<43:14, 60.34s/it]
 74%|███████▍  | 119/161 [1:57:01<40:59, 58.56s/it]
 75%|███████▍  | 120/161 [1:57:54<38:59, 57.07s/it]
 75%|███████▌  | 121/161 [1:58:48<37:27, 56.19s/it]
 76%|███████▌  | 122/161 [1:59:42<36:04, 55.49s/it]
 76%|███████▋  | 123/161 [2:00:37<34:55, 55.13s/it]
 77%|███████▋  | 124/161 [2:01:31<33:50, 54.87s/it]
 78%|███████▊  | 125/161 [2:02:25<32:51, 54.76s/it]
 78%|███████▊  | 126/161 [2:03:18<31:39, 54.28s/it]
 79%|███████▉  | 127/161 [2:04:25<32:46, 57.83s/it]
 80%|███████▉  | 128/161 [2:05:20<31:24, 57.12s/it]
 80%|████████  | 129/161 [2:06:18<30:34, 57.32s/it]
 81%|████████  | 130/161 [2:07:14<29:25, 56.96s/it]
 81%|████████▏ | 131/161 [2:08:08<28:00, 56.02s/it]
 82%|████████▏ | 132/161 [2:09:02<26:45, 55.37s/it]
 83%|████████▎ | 133/161 [2:10:02<26:29, 56.78s/it]
 83%|████████▎ | 134/161 [2:11:09<26:54, 59.79s/it]
 84%|████████▍ | 135/161 [2:12:14<26:41, 61.61s/it]
 84%|████████▍ | 136/161 [2:13:20<26:11, 62.84s/it]
 85%|████████▌ | 137/161 [2:14:26<25:28, 63.68s/it]
 86%|████████▌ | 138/161 [2:15:31<24:36, 64.20s/it]
 86%|████████▋ | 139/161 [2:16:37<23:41, 64.61s/it]
 87%|████████▋ | 140/161 [2:17:33<21:44, 62.14s/it]
 88%|████████▊ | 141/161 [2:18:26<19:46, 59.35s/it]
 88%|████████▊ | 142/161 [2:19:19<18:11, 57.45s/it]
 89%|████████▉ | 143/161 [2:20:12<16:52, 56.26s/it]
 89%|████████▉ | 144/161 [2:21:06<15:41, 55.39s/it]
 90%|█████████ | 145/161 [2:22:00<14:39, 54.95s/it]
 91%|█████████ | 146/161 [2:22:54<13:39, 54.61s/it]
 91%|█████████▏| 147/161 [2:23:47<12:39, 54.25s/it]
 92%|█████████▏| 148/161 [2:24:40<11:42, 54.03s/it]
 93%|█████████▎| 149/161 [2:25:33<10:43, 53.66s/it]
 93%|█████████▎| 150/161 [2:26:26<09:47, 53.42s/it]
 94%|█████████▍| 151/161 [2:27:19<08:52, 53.23s/it]
 94%|█████████▍| 152/161 [2:28:12<07:58, 53.14s/it]
 95%|█████████▌| 153/161 [2:29:05<07:05, 53.23s/it]
 96%|█████████▌| 154/161 [2:29:59<06:14, 53.52s/it]
 96%|█████████▋| 155/161 [2:30:53<05:21, 53.60s/it]
 97%|█████████▋| 156/161 [2:31:47<04:28, 53.74s/it]
 98%|█████████▊| 157/161 [2:32:42<03:36, 54.09s/it]
 98%|█████████▊| 158/161 [2:33:37<02:43, 54.42s/it]
 99%|█████████▉| 159/161 [2:34:33<01:49, 54.68s/it]
 99%|█████████▉| 160/161 [2:35:28<00:54, 54.84s/it]
100%|██████████| 161/161 [2:36:23<00:00, 54.83s/it]
100%|██████████| 161/161 [2:36:23<00:00, 58.28s/it]
